mode: set
github.com/jendrusha/gildedrose-refactoring-kata/texttest_fixture.go:11.13,28.22 5 0
github.com/jendrusha/gildedrose-refactoring-kata/texttest_fixture.go:28.22,30.17 2 0
github.com/jendrusha/gildedrose-refactoring-kata/texttest_fixture.go:30.17,33.4 2 0
github.com/jendrusha/gildedrose-refactoring-kata/texttest_fixture.go:34.3,34.9 1 0
github.com/jendrusha/gildedrose-refactoring-kata/texttest_fixture.go:37.2,37.34 1 0
github.com/jendrusha/gildedrose-refactoring-kata/texttest_fixture.go:37.34,40.35 3 0
github.com/jendrusha/gildedrose-refactoring-kata/texttest_fixture.go:40.35,42.4 1 0
github.com/jendrusha/gildedrose-refactoring-kata/texttest_fixture.go:43.3,44.34 2 0
github.com/jendrusha/gildedrose-refactoring-kata/gildedrose/gildedrose.go:19.35,31.2 7 1
github.com/jendrusha/gildedrose-refactoring-kata/gildedrose/gildedrose.go:33.58,35.29 2 1
github.com/jendrusha/gildedrose-refactoring-kata/gildedrose/gildedrose.go:35.29,37.3 1 1
github.com/jendrusha/gildedrose-refactoring-kata/gildedrose/gildedrose.go:38.2,38.23 1 1
github.com/jendrusha/gildedrose-refactoring-kata/gildedrose/gildedrose.go:41.65,44.34 2 1
github.com/jendrusha/gildedrose-refactoring-kata/gildedrose/gildedrose.go:44.34,46.13 2 1
github.com/jendrusha/gildedrose-refactoring-kata/gildedrose/gildedrose.go:46.13,48.26 2 1
github.com/jendrusha/gildedrose-refactoring-kata/gildedrose/gildedrose.go:48.26,50.5 1 1
github.com/jendrusha/gildedrose-refactoring-kata/gildedrose/gildedrose.go:55.76,56.47 1 1
github.com/jendrusha/gildedrose-refactoring-kata/gildedrose/gildedrose.go:56.47,58.3 1 1
github.com/jendrusha/gildedrose-refactoring-kata/gildedrose/gildedrose.go:59.2,59.14 1 1
github.com/jendrusha/gildedrose-refactoring-kata/gildedrose/gildedrose.go:62.65,63.47 1 1
github.com/jendrusha/gildedrose-refactoring-kata/gildedrose/gildedrose.go:63.47,66.3 2 1
github.com/jendrusha/gildedrose-refactoring-kata/gildedrose/gildedrose.go:69.49,72.19 2 1
github.com/jendrusha/gildedrose-refactoring-kata/gildedrose/gildedrose.go:73.24,74.40 1 1
github.com/jendrusha/gildedrose-refactoring-kata/gildedrose/gildedrose.go:75.25,76.40 1 1
github.com/jendrusha/gildedrose-refactoring-kata/gildedrose/gildedrose.go:77.29,78.45 1 1
github.com/jendrusha/gildedrose-refactoring-kata/gildedrose/gildedrose.go:79.10,80.28 1 1
github.com/jendrusha/gildedrose-refactoring-kata/gildedrose/gildedrose.go:80.28,82.4 1 1
github.com/jendrusha/gildedrose-refactoring-kata/gildedrose/gildedrose.go:83.3,83.18 1 1
github.com/jendrusha/gildedrose-refactoring-kata/gildedrose/item.go:11.38,13.2 1 1
github.com/jendrusha/gildedrose-refactoring-kata/gildedrose/item_aged_brie.go:7.66,9.2 1 1
github.com/jendrusha/gildedrose-refactoring-kata/gildedrose/item_aged_brie.go:11.38,16.28 3 1
github.com/jendrusha/gildedrose-refactoring-kata/gildedrose/item_aged_brie.go:16.28,17.24 1 1
github.com/jendrusha/gildedrose-refactoring-kata/gildedrose/item_aged_brie.go:17.24,19.4 1 1
github.com/jendrusha/gildedrose-refactoring-kata/gildedrose/item_aged_brie.go:22.2,24.21 2 1
github.com/jendrusha/gildedrose-refactoring-kata/gildedrose/item_aged_brie.go:24.21,26.3 1 1
github.com/jendrusha/gildedrose-refactoring-kata/gildedrose/item_aged_brie.go:29.45,31.2 1 1
github.com/jendrusha/gildedrose-refactoring-kata/gildedrose/item_backstage_pass.go:7.76,9.2 1 1
github.com/jendrusha/gildedrose-refactoring-kata/gildedrose/item_backstage_pass.go:11.43,16.21 3 1
github.com/jendrusha/gildedrose-refactoring-kata/gildedrose/item_backstage_pass.go:16.21,19.3 2 1
github.com/jendrusha/gildedrose-refactoring-kata/gildedrose/item_backstage_pass.go:21.2,21.41 1 1
github.com/jendrusha/gildedrose-refactoring-kata/gildedrose/item_backstage_pass.go:21.41,22.34 1 1
github.com/jendrusha/gildedrose-refactoring-kata/gildedrose/item_backstage_pass.go:22.34,24.4 1 1
github.com/jendrusha/gildedrose-refactoring-kata/gildedrose/item_backstage_pass.go:24.9,26.4 1 1
github.com/jendrusha/gildedrose-refactoring-kata/gildedrose/item_backstage_pass.go:29.2,29.9 1 1
github.com/jendrusha/gildedrose-refactoring-kata/gildedrose/item_backstage_pass.go:30.23,31.21 1 1
github.com/jendrusha/gildedrose-refactoring-kata/gildedrose/item_backstage_pass.go:32.24,33.21 1 1
github.com/jendrusha/gildedrose-refactoring-kata/gildedrose/item_backstage_pass.go:34.10,35.21 1 1
github.com/jendrusha/gildedrose-refactoring-kata/gildedrose/item_backstage_pass.go:39.50,41.2 1 1
github.com/jendrusha/gildedrose-refactoring-kata/gildedrose/item_base.go:7.40,9.2 1 1
github.com/jendrusha/gildedrose-refactoring-kata/gildedrose/item_base.go:11.29,12.33 1 1
github.com/jendrusha/gildedrose-refactoring-kata/gildedrose/item_base.go:12.33,14.3 1 1
github.com/jendrusha/gildedrose-refactoring-kata/gildedrose/item_base.go:15.2,15.90 1 1
github.com/jendrusha/gildedrose-refactoring-kata/gildedrose/item_base.go:15.90,17.19 2 1
github.com/jendrusha/gildedrose-refactoring-kata/gildedrose/item_base.go:17.19,19.4 1 1
github.com/jendrusha/gildedrose-refactoring-kata/gildedrose/item_base.go:23.36,25.2 1 1
github.com/jendrusha/gildedrose-refactoring-kata/gildedrose/item_base.go:27.48,28.29 1 1
github.com/jendrusha/gildedrose-refactoring-kata/gildedrose/item_base.go:28.29,29.21 1 1
github.com/jendrusha/gildedrose-refactoring-kata/gildedrose/item_base.go:29.21,31.4 1 1
github.com/jendrusha/gildedrose-refactoring-kata/gildedrose/item_base.go:33.2,33.13 1 1
github.com/jendrusha/gildedrose-refactoring-kata/gildedrose/item_conjured.go:7.66,9.2 1 1
github.com/jendrusha/gildedrose-refactoring-kata/gildedrose/item_conjured.go:11.38,16.28 3 1
github.com/jendrusha/gildedrose-refactoring-kata/gildedrose/item_conjured.go:16.28,17.23 1 1
github.com/jendrusha/gildedrose-refactoring-kata/gildedrose/item_conjured.go:17.23,19.4 1 1
github.com/jendrusha/gildedrose-refactoring-kata/gildedrose/item_conjured.go:22.2,24.21 2 1
github.com/jendrusha/gildedrose-refactoring-kata/gildedrose/item_conjured.go:24.21,26.3 1 1
github.com/jendrusha/gildedrose-refactoring-kata/gildedrose/item_conjured.go:29.45,31.2 1 1
github.com/jendrusha/gildedrose-refactoring-kata/gildedrose/item_sulfuras.go:9.66,11.2 1 1
github.com/jendrusha/gildedrose-refactoring-kata/gildedrose/item_sulfuras.go:13.38,15.2 1 1
github.com/jendrusha/gildedrose-refactoring-kata/gildedrose/item_sulfuras.go:17.45,19.2 1 1
